#
# There is insufficient memory for the Java Runtime Environment to continue.
# Native memory allocation (mmap) failed to map 132120576 bytes for G1 virtual space
# Possible reasons:
#   The system is out of physical RAM or swap space
#   The process is running with CompressedOops enabled, and the Java Heap may be blocking the growth of the native heap
# Possible solutions:
#   Reduce memory load on the system
#   Increase physical memory or swap space
#   Check if swap backing store is full
#   Decrease Java heap size (-Xmx/-Xms)
#   Decrease number of Java threads
#   Decrease Java thread stack sizes (-Xss)
#   Set larger code cache with -XX:ReservedCodeCacheSize=
#   JVM is running with Unscaled Compressed Oops mode in which the Java heap is
#     placed in the first 4GB address space. The Java Heap base address is the
#     maximum limit for the native heap growth. Please use -XX:HeapBaseMinAddress
#     to set the Java Heap base and to place the Java Heap above 4GB virtual address.
# This output file may be truncated or incomplete.
#
#  Out of Memory Error (os_windows.cpp:3466), pid=31412, tid=19708
#
# JRE version:  (16.0.2+7) (build )
# Java VM: Java HotSpot(TM) 64-Bit Server VM (16.0.2+7-67, mixed mode, sharing, tiered, compressed oops, compressed class ptrs, g1 gc, windows-amd64)
# No core dump will be written. Minidumps are not enabled by default on client versions of Windows
#

---------------  S U M M A R Y ------------

Command Line: -Dfile.encoding=Cp1252 --module-path=C:\Users\Admin\eclipse-workspace\parking\bin -XX:+ShowCodeDetailsInExceptionMessages -Djdk.module.main=parking parking/parking.CarParking red ap123u5

Host: Intel(R) Core(TM) i5-8265U CPU @ 1.60GHz, 8 cores, 7G,  Windows 10 , 64 bit Build 19041 (10.0.19041.1023)
Time: Tue Aug 31 17:14:04 2021 India Standard Time elapsed time: 0.021193 seconds (0d 0h 0m 0s)

---------------  T H R E A D  ---------------

Current thread (0x00000287a8f29890):  JavaThread "Unknown thread" [_thread_in_vm, id=19708, stack(0x000000aa64b00000,0x000000aa64c00000)]

Stack: [0x000000aa64b00000,0x000000aa64c00000]
Native frames: (J=compiled Java code, j=interpreted, Vv=VM code, C=native code)
V  [jvm.dll+0x6681ca]
V  [jvm.dll+0x7c9e69]
V  [jvm.dll+0x7cb61e]
V  [jvm.dll+0x7cbc73]
V  [jvm.dll+0x242c55]
V  [jvm.dll+0x664f89]
V  [jvm.dll+0x659b75]
V  [jvm.dll+0x2fbfbb]
V  [jvm.dll+0x3031b6]
V  [jvm.dll+0x35299e]
V  [jvm.dll+0x352bcf]
V  [jvm.dll+0x2d3028]
V  [jvm.dll+0x2d4264]
V  [jvm.dll+0x79c741]
V  [jvm.dll+0x360791]
V  [jvm.dll+0x77a3f0]
V  [jvm.dll+0x3e4e8f]
V  [jvm.dll+0x3e6961]
C  [jli.dll+0x52fb]
C  [ucrtbase.dll+0x21bb2]
C  [KERNEL32.DLL+0x17034]
C  [ntdll.dll+0x52651]


---------------  P R O C E S S  ---------------

Threads class SMR info:
_java_thread_list=0x00007ffb842fcbb8, length=0, elements={
}

Java Threads: ( => current thread )

Other Threads:
  0x00000287a8f69310 GCTaskThread "GC Thread#0" [stack: 0x000000aa64c00000,0x000000aa64d00000] [id=27072]
  0x00000287a8f79e50 ConcurrentGCThread "G1 Main Marker" [stack: 0x000000aa64d00000,0x000000aa64e00000] [id=16672]
  0x00000287a8f7b0e0 ConcurrentGCThread "G1 Conc#0" [stack: 0x000000aa64e00000,0x000000aa64f00000] [id=16388]

[error occurred during error reporting (printing all threads), id 0xc0000005, EXCEPTION_ACCESS_VIOLATION (0xc0000005) at pc=0x00007ffb83ad3ee7]

VM state: not at safepoint (not fully initialized)

VM Mutex/Monitor currently owned by a thread:  ([mutex/lock_event])
[0x00000287a8f26510] Heap_lock - owner thread: 0x00000287a8f29890

Heap address: 0x0000000083000000, size: 2000 MB, Compressed Oops mode: 32-bit

CDS archive(s) mapped at: [0x0000000000000000-0x0000000000000000-0x0000000000000000), size 0, SharedBaseAddress: 0x0000000800000000, ArchiveRelocationMode: 0.
Narrow klass base: 0x0000000000000000, Narrow klass shift: 0, Narrow klass range: 0x0

GC Precious Log:
<Empty>

Heap:
 garbage-first heap   total 0K, used 0K [0x0000000083000000, 0x0000000100000000)
  region size 1024K, 0 young (0K), 0 survivors (0K)

[error occurred during error reporting (printing heap information), id 0xc0000005, EXCEPTION_ACCESS_VIOLATION (0xc0000005) at pc=0x00007ffb83eb1eed]

GC Heap History (0 events):
No events

Deoptimization events (0 events):
No events

Classes unloaded (0 events):
No events

Classes redefined (0 events):
No events

Internal exceptions (0 events):
No events

Events (1 events):
Event: 0.012 Loaded shared library C:\Program Files\Java\jdk-16.0.2\bin\java.dll


Dynamic libraries:
0x00007ff692b90000 - 0x00007ff692ba0000 	C:\Program Files\Java\jdk-16.0.2\bin\javaw.exe
0x00007ffbe7850000 - 0x00007ffbe7a45000 	C:\Windows\SYSTEM32\ntdll.dll
0x00007ffbe7610000 - 0x00007ffbe76cd000 	C:\Windows\System32\KERNEL32.DLL
0x00007ffbe51a0000 - 0x00007ffbe5469000 	C:\Windows\System32\KERNELBASE.dll
0x00007ffbe24d0000 - 0x00007ffbe2560000 	C:\Windows\SYSTEM32\apphelp.dll
0x00007ffbe5470000 - 0x00007ffbe5570000 	C:\Windows\System32\ucrtbase.dll
0x00007ffbdbfc0000 - 0x00007ffbdbfd8000 	C:\Program Files\Java\jdk-16.0.2\bin\jli.dll
0x00007ffbdc250000 - 0x00007ffbdc269000 	C:\Program Files\Java\jdk-16.0.2\bin\VCRUNTIME140.dll
0x00007ffbe5c80000 - 0x00007ffbe5d2c000 	C:\Windows\System32\ADVAPI32.dll
0x00007ffbe5f50000 - 0x00007ffbe5fee000 	C:\Windows\System32\msvcrt.dll
0x00007ffbe7700000 - 0x00007ffbe779b000 	C:\Windows\System32\sechost.dll
0x00007ffbe5980000 - 0x00007ffbe5aaa000 	C:\Windows\System32\RPCRT4.dll
0x00007ffbe6be0000 - 0x00007ffbe6d80000 	C:\Windows\System32\USER32.dll
0x00007ffbe5650000 - 0x00007ffbe5672000 	C:\Windows\System32\win32u.dll
0x00007ffbcfea0000 - 0x00007ffbd013a000 	C:\Windows\WinSxS\amd64_microsoft.windows.common-controls_6595b64144ccf1df_6.0.19041.1110_none_60b5254171f9507e\COMCTL32.dll
0x00007ffbe76d0000 - 0x00007ffbe76fa000 	C:\Windows\System32\GDI32.dll
0x00007ffbe56b0000 - 0x00007ffbe57bb000 	C:\Windows\System32\gdi32full.dll
0x00007ffbe57c0000 - 0x00007ffbe585d000 	C:\Windows\System32\msvcp_win.dll
0x00007ffbd9120000 - 0x00007ffbd912a000 	C:\Windows\SYSTEM32\VERSION.dll
0x00007ffbe6b00000 - 0x00007ffbe6b30000 	C:\Windows\System32\IMM32.DLL
0x00007ffbdd580000 - 0x00007ffbdd58c000 	C:\Program Files\Java\jdk-16.0.2\bin\vcruntime140_1.dll
0x00007ffbdae70000 - 0x00007ffbdaf01000 	C:\Program Files\Java\jdk-16.0.2\bin\msvcp140.dll
0x00007ffb837f0000 - 0x00007ffb8439b000 	C:\Program Files\Java\jdk-16.0.2\bin\server\jvm.dll
0x00007ffbe7550000 - 0x00007ffbe7558000 	C:\Windows\System32\PSAPI.DLL
0x00007ffbe22a0000 - 0x00007ffbe22a9000 	C:\Windows\SYSTEM32\WSOCK32.dll
0x00007ffbdd1a0000 - 0x00007ffbdd1c7000 	C:\Windows\SYSTEM32\WINMM.dll
0x00007ffbe77a0000 - 0x00007ffbe780b000 	C:\Windows\System32\WS2_32.dll
0x00007ffbe3850000 - 0x00007ffbe3862000 	C:\Windows\SYSTEM32\kernel.appcore.dll
0x00007ffbdbf70000 - 0x00007ffbdbf7a000 	C:\Program Files\Java\jdk-16.0.2\bin\jimage.dll
0x00007ffbe2c30000 - 0x00007ffbe2e14000 	C:\Windows\SYSTEM32\DBGHELP.DLL
0x00007ffbdd150000 - 0x00007ffbdd17c000 	C:\Windows\SYSTEM32\dbgcore.DLL
0x00007ffbe5570000 - 0x00007ffbe55f3000 	C:\Windows\System32\bcryptPrimitives.dll
0x00007ffbc1460000 - 0x00007ffbc1485000 	C:\Program Files\Java\jdk-16.0.2\bin\java.dll

dbghelp: loaded successfully - version: 4.0.5 - missing functions: none
symbol engine: initialized successfully - sym options: 0x614 - pdb path: .;C:\Program Files\Java\jdk-16.0.2\bin;C:\Windows\SYSTEM32;C:\Windows\WinSxS\amd64_microsoft.windows.common-controls_6595b64144ccf1df_6.0.19041.1110_none_60b5254171f9507e;C:\Program Files\Java\jdk-16.0.2\bin\server

VM Arguments:
jvm_args: -Dfile.encoding=Cp1252 --module-path=C:\Users\Admin\eclipse-workspace\parking\bin -XX:+ShowCodeDetailsInExceptionMessages -Djdk.module.main=parking 
java_command: parking/parking.CarParking red ap123u5
java_class_path (initial): <not set>
Launcher Type: SUN_STANDARD

[Global flags]
     intx CICompilerCount                          = 4                                         {product} {ergonomic}
     uint ConcGCThreads                            = 2                                         {product} {ergonomic}
     uint G1ConcRefinementThreads                  = 8                                         {product} {ergonomic}
   size_t G1HeapRegionSize                         = 1048576                                   {product} {ergonomic}
    uintx GCDrainStackTargetSize                   = 64                                        {product} {ergonomic}
   size_t InitialHeapSize                          = 132120576                                 {product} {ergonomic}
   size_t MarkStackSize                            = 4194304                                   {product} {ergonomic}
   size_t MaxHeapSize                              = 2097152000                                {product} {ergonomic}
   size_t MinHeapDeltaBytes                        = 1048576                                   {product} {ergonomic}
   size_t MinHeapSize                              = 8388608                                   {product} {ergonomic}
    uintx NonNMethodCodeHeapSize                   = 5839372                                {pd product} {ergonomic}
    uintx NonProfiledCodeHeapSize                  = 122909434                              {pd product} {ergonomic}
    uintx ProfiledCodeHeapSize                     = 122909434                              {pd product} {ergonomic}
    uintx ReservedCodeCacheSize                    = 251658240                              {pd product} {ergonomic}
     bool SegmentedCodeCache                       = true                                      {product} {ergonomic}
     bool ShowCodeDetailsInExceptionMessages       = true                                   {manageable} {command line}
   size_t SoftMaxHeapSize                          = 2097152000                             {manageable} {ergonomic}
     bool UseCompressedClassPointers               = true                           {product lp64_product} {ergonomic}
     bool UseCompressedOops                        = true                           {product lp64_product} {ergonomic}
     bool UseG1GC                                  = true                                      {product} {ergonomic}
     bool UseLargePagesIndividualAllocation        = false                                  {pd product} {ergonomic}

Logging:
Log output configuration:
 #0: stdout all=warning uptime,level,tags
 #1: stderr all=off uptime,level,tags

Environment Variables:
PATH=C:/Program Files/Java/jdk-16.0.2/bin/server;C:/Program Files/Java/jdk-16.0.2/bin;C:/Users/Admin/AppData/Local/Temp/eoiCE75.tmp//plugins/org.eclipse.justj.openjdk.hotspot.jre.minimal.stripped.win32.x86_64_16.0.1.v20210528-1205/jre/bin/server;C:/Users/Admin/AppData/Local/Temp/eoiCE75.tmp//plugins/org.eclipse.justj.openjdk.hotspot.jre.minimal.stripped.win32.x86_64_16.0.1.v20210528-1205/jre/bin;C:\Program Files\Common Files\Oracle\Java\javapath;C:\Windows\system32;C:\Windows;C:\Windows\System32\Wbem;C:\Windows\System32\WindowsPowerShell\v1.0\;C:\Windows\System32\OpenSSH\;C:\Program Files\Git\cmd;C:\Program Files\nodejs;C:\redis;C:\Program Files\Java\jdk-16.0.2\bin;C:\Users\Admin\AppData\Local\Microsoft\WindowsApps;C:\Users\Admin\AppData\Local\Programs\Microsoft VS Code\bin;C:\Users\Admin\AppData\Roaming\npm;C:\xampp\mysql\bin;;C:\Users\Admin\Downloads;;C:\Users\Admin\Downloads;
USERNAME=Admin
OS=Windows_NT
PROCESSOR_IDENTIFIER=Intel64 Family 6 Model 142 Stepping 12, GenuineIntel



---------------  S Y S T E M  ---------------

OS:
 Windows 10 , 64 bit Build 19041 (10.0.19041.1023)
OS uptime: 22 days 3:34 hours

CPU: total 8 (initial active 8) (4 cores per cpu, 2 threads per core) family 6 model 142 stepping 12 microcode 0xde, cx8, cmov, fxsr, ht, mmx, 3dnowpref, sse, sse2, sse3, ssse3, sse4.1, sse4.2, popcnt, lzcnt, tsc, tscinvbit, avx, avx2, aes, erms, clmul, bmi1, bmi2, adx, fma, vzeroupper, clflush, clflushopt

Memory: 4k page, system-wide physical 7993M (444M free)
TotalPageFile size 32569M (AvailPageFile size 94M)
current process WorkingSet (physical memory assigned to process): 10M, peak: 10M
current process commit charge ("private bytes"): 60M, peak: 186M

vm_info: Java HotSpot(TM) 64-Bit Server VM (16.0.2+7-67) for windows-amd64 JRE (16.0.2+7-67), built on Jun  8 2021 23:24:19 by "mach5one" with MS VC++ 16.7 (VS2019)

END.
